<?xml version="1.0" encoding="UTF-8"?>
<!-- Generated by org.testng.reporters.JUnitReportReporter -->
<testsuite skipped="0" hostname="DESKTOP-6TR6D2O" name="remosys.remosys.AppTest" tests="1" failures="0" timestamp="2023-07-16T23:01:00 IST" time="24.003" errors="0">
  <testcase name="eCommerceTest" time="24.003" classname="remosys.remosys.AppTest"/>
  <system-out/>
</testsuite> <!-- remosys.remosys.AppTest -->
